[2023-01-17 15:33:14] local.ERROR: No application encryption key has been specified. {"exception":"[object] (Illuminate\\Encryption\\MissingAppKeyException(code: 0): No application encryption key has been specified. at /var/www/html/simple-task-orders-and-products/vendor/laravel/framework/src/Illuminate/Encryption/EncryptionServiceProvider.php:101)
[stacktrace]
#0 /var/www/html/simple-task-orders-and-products/vendor/laravel/framework/src/Illuminate/Support/helpers.php(263): Illuminate\\Encryption\\EncryptionServiceProvider->Illuminate\\Encryption\\{closure}()
#1 /var/www/html/simple-task-orders-and-products/vendor/laravel/framework/src/Illuminate/Encryption/EncryptionServiceProvider.php(103): tap()
#2 /var/www/html/simple-task-orders-and-products/vendor/laravel/framework/src/Illuminate/Encryption/EncryptionServiceProvider.php(82): Illuminate\\Encryption\\EncryptionServiceProvider->key()
#3 /var/www/html/simple-task-orders-and-products/vendor/laravel/framework/src/Illuminate/Encryption/EncryptionServiceProvider.php(34): Illuminate\\Encryption\\EncryptionServiceProvider->parseKey()
#4 /var/www/html/simple-task-orders-and-products/vendor/laravel/framework/src/Illuminate/Container/Container.php(873): Illuminate\\Encryption\\EncryptionServiceProvider->Illuminate\\Encryption\\{closure}()
#5 /var/www/html/simple-task-orders-and-products/vendor/laravel/framework/src/Illuminate/Container/Container.php(758): Illuminate\\Container\\Container->build()
#6 /var/www/html/simple-task-orders-and-products/vendor/laravel/framework/src/Illuminate/Foundation/Application.php(851): Illuminate\\Container\\Container->resolve()
#7 /var/www/html/simple-task-orders-and-products/vendor/laravel/framework/src/Illuminate/Container/Container.php(694): Illuminate\\Foundation\\Application->resolve()
#8 /var/www/html/simple-task-orders-and-products/vendor/laravel/framework/src/Illuminate/Foundation/Application.php(836): Illuminate\\Container\\Container->make()
#9 /var/www/html/simple-task-orders-and-products/vendor/laravel/framework/src/Illuminate/Container/Container.php(1027): Illuminate\\Foundation\\Application->make()
#10 /var/www/html/simple-task-orders-and-products/vendor/laravel/framework/src/Illuminate/Container/Container.php(947): Illuminate\\Container\\Container->resolveClass()
#11 /var/www/html/simple-task-orders-and-products/vendor/laravel/framework/src/Illuminate/Container/Container.php(908): Illuminate\\Container\\Container->resolveDependencies()
#12 /var/www/html/simple-task-orders-and-products/vendor/laravel/framework/src/Illuminate/Container/Container.php(758): Illuminate\\Container\\Container->build()
#13 /var/www/html/simple-task-orders-and-products/vendor/laravel/framework/src/Illuminate/Foundation/Application.php(851): Illuminate\\Container\\Container->resolve()
#14 /var/www/html/simple-task-orders-and-products/vendor/laravel/framework/src/Illuminate/Container/Container.php(694): Illuminate\\Foundation\\Application->resolve()
#15 /var/www/html/simple-task-orders-and-products/vendor/laravel/framework/src/Illuminate/Foundation/Application.php(836): Illuminate\\Container\\Container->make()
#16 /var/www/html/simple-task-orders-and-products/vendor/laravel/framework/src/Illuminate/Pipeline/Pipeline.php(156): Illuminate\\Foundation\\Application->make()
#17 /var/www/html/simple-task-orders-and-products/vendor/laravel/framework/src/Illuminate/Pipeline/Pipeline.php(103): Illuminate\\Pipeline\\Pipeline->Illuminate\\Pipeline\\{closure}()
#18 /var/www/html/simple-task-orders-and-products/vendor/laravel/framework/src/Illuminate/Routing/Router.php(723): Illuminate\\Pipeline\\Pipeline->then()
#19 /var/www/html/simple-task-orders-and-products/vendor/laravel/framework/src/Illuminate/Routing/Router.php(698): Illuminate\\Routing\\Router->runRouteWithinStack()
#20 /var/www/html/simple-task-orders-and-products/vendor/laravel/framework/src/Illuminate/Routing/Router.php(662): Illuminate\\Routing\\Router->runRoute()
#21 /var/www/html/simple-task-orders-and-products/vendor/laravel/framework/src/Illuminate/Routing/Router.php(651): Illuminate\\Routing\\Router->dispatchToRoute()
#22 /var/www/html/simple-task-orders-and-products/vendor/laravel/framework/src/Illuminate/Foundation/Http/Kernel.php(167): Illuminate\\Routing\\Router->dispatch()
#23 /var/www/html/simple-task-orders-and-products/vendor/laravel/framework/src/Illuminate/Pipeline/Pipeline.php(128): Illuminate\\Foundation\\Http\\Kernel->Illuminate\\Foundation\\Http\\{closure}()
#24 /var/www/html/simple-task-orders-and-products/vendor/laravel/framework/src/Illuminate/Foundation/Http/Middleware/TransformsRequest.php(21): Illuminate\\Pipeline\\Pipeline->Illuminate\\Pipeline\\{closure}()
#25 /var/www/html/simple-task-orders-and-products/vendor/laravel/framework/src/Illuminate/Foundation/Http/Middleware/ConvertEmptyStringsToNull.php(31): Illuminate\\Foundation\\Http\\Middleware\\TransformsRequest->handle()
#26 /var/www/html/simple-task-orders-and-products/vendor/laravel/framework/src/Illuminate/Pipeline/Pipeline.php(167): Illuminate\\Foundation\\Http\\Middleware\\ConvertEmptyStringsToNull->handle()
#27 /var/www/html/simple-task-orders-and-products/vendor/laravel/framework/src/Illuminate/Foundation/Http/Middleware/TransformsRequest.php(21): Illuminate\\Pipeline\\Pipeline->Illuminate\\Pipeline\\{closure}()
#28 /var/www/html/simple-task-orders-and-products/vendor/laravel/framework/src/Illuminate/Foundation/Http/Middleware/TrimStrings.php(40): Illuminate\\Foundation\\Http\\Middleware\\TransformsRequest->handle()
#29 /var/www/html/simple-task-orders-and-products/vendor/laravel/framework/src/Illuminate/Pipeline/Pipeline.php(167): Illuminate\\Foundation\\Http\\Middleware\\TrimStrings->handle()
#30 /var/www/html/simple-task-orders-and-products/vendor/laravel/framework/src/Illuminate/Foundation/Http/Middleware/ValidatePostSize.php(27): Illuminate\\Pipeline\\Pipeline->Illuminate\\Pipeline\\{closure}()
#31 /var/www/html/simple-task-orders-and-products/vendor/laravel/framework/src/Illuminate/Pipeline/Pipeline.php(167): Illuminate\\Foundation\\Http\\Middleware\\ValidatePostSize->handle()
#32 /var/www/html/simple-task-orders-and-products/vendor/laravel/framework/src/Illuminate/Foundation/Http/Middleware/PreventRequestsDuringMaintenance.php(86): Illuminate\\Pipeline\\Pipeline->Illuminate\\Pipeline\\{closure}()
#33 /var/www/html/simple-task-orders-and-products/vendor/laravel/framework/src/Illuminate/Pipeline/Pipeline.php(167): Illuminate\\Foundation\\Http\\Middleware\\PreventRequestsDuringMaintenance->handle()
#34 /var/www/html/simple-task-orders-and-products/vendor/fruitcake/laravel-cors/src/HandleCors.php(38): Illuminate\\Pipeline\\Pipeline->Illuminate\\Pipeline\\{closure}()
#35 /var/www/html/simple-task-orders-and-products/vendor/laravel/framework/src/Illuminate/Pipeline/Pipeline.php(167): Fruitcake\\Cors\\HandleCors->handle()
#36 /var/www/html/simple-task-orders-and-products/vendor/laravel/framework/src/Illuminate/Http/Middleware/TrustProxies.php(39): Illuminate\\Pipeline\\Pipeline->Illuminate\\Pipeline\\{closure}()
#37 /var/www/html/simple-task-orders-and-products/vendor/laravel/framework/src/Illuminate/Pipeline/Pipeline.php(167): Illuminate\\Http\\Middleware\\TrustProxies->handle()
#38 /var/www/html/simple-task-orders-and-products/vendor/laravel/framework/src/Illuminate/Pipeline/Pipeline.php(103): Illuminate\\Pipeline\\Pipeline->Illuminate\\Pipeline\\{closure}()
#39 /var/www/html/simple-task-orders-and-products/vendor/laravel/framework/src/Illuminate/Foundation/Http/Kernel.php(142): Illuminate\\Pipeline\\Pipeline->then()
#40 /var/www/html/simple-task-orders-and-products/vendor/laravel/framework/src/Illuminate/Foundation/Http/Kernel.php(111): Illuminate\\Foundation\\Http\\Kernel->sendRequestThroughRouter()
#41 /var/www/html/simple-task-orders-and-products/public/index.php(52): Illuminate\\Foundation\\Http\\Kernel->handle()
#42 /var/www/html/simple-task-orders-and-products/server.php(21): require_once('...')
#43 {main}
"} 
[2023-01-17 15:33:14] local.ERROR: No application encryption key has been specified. {"exception":"[object] (Illuminate\\Encryption\\MissingAppKeyException(code: 0): No application encryption key has been specified. at /var/www/html/simple-task-orders-and-products/vendor/laravel/framework/src/Illuminate/Encryption/EncryptionServiceProvider.php:101)
[stacktrace]
#0 /var/www/html/simple-task-orders-and-products/vendor/laravel/framework/src/Illuminate/Support/helpers.php(263): Illuminate\\Encryption\\EncryptionServiceProvider->Illuminate\\Encryption\\{closure}()
#1 /var/www/html/simple-task-orders-and-products/vendor/laravel/framework/src/Illuminate/Encryption/EncryptionServiceProvider.php(103): tap()
#2 /var/www/html/simple-task-orders-and-products/vendor/laravel/framework/src/Illuminate/Encryption/EncryptionServiceProvider.php(82): Illuminate\\Encryption\\EncryptionServiceProvider->key()
#3 /var/www/html/simple-task-orders-and-products/vendor/laravel/framework/src/Illuminate/Encryption/EncryptionServiceProvider.php(34): Illuminate\\Encryption\\EncryptionServiceProvider->parseKey()
#4 /var/www/html/simple-task-orders-and-products/vendor/laravel/framework/src/Illuminate/Container/Container.php(873): Illuminate\\Encryption\\EncryptionServiceProvider->Illuminate\\Encryption\\{closure}()
#5 /var/www/html/simple-task-orders-and-products/vendor/laravel/framework/src/Illuminate/Container/Container.php(758): Illuminate\\Container\\Container->build()
#6 /var/www/html/simple-task-orders-and-products/vendor/laravel/framework/src/Illuminate/Foundation/Application.php(851): Illuminate\\Container\\Container->resolve()
#7 /var/www/html/simple-task-orders-and-products/vendor/laravel/framework/src/Illuminate/Container/Container.php(694): Illuminate\\Foundation\\Application->resolve()
#8 /var/www/html/simple-task-orders-and-products/vendor/laravel/framework/src/Illuminate/Foundation/Application.php(836): Illuminate\\Container\\Container->make()
#9 /var/www/html/simple-task-orders-and-products/vendor/laravel/framework/src/Illuminate/Container/Container.php(1027): Illuminate\\Foundation\\Application->make()
#10 /var/www/html/simple-task-orders-and-products/vendor/laravel/framework/src/Illuminate/Container/Container.php(947): Illuminate\\Container\\Container->resolveClass()
#11 /var/www/html/simple-task-orders-and-products/vendor/laravel/framework/src/Illuminate/Container/Container.php(908): Illuminate\\Container\\Container->resolveDependencies()
#12 /var/www/html/simple-task-orders-and-products/vendor/laravel/framework/src/Illuminate/Container/Container.php(758): Illuminate\\Container\\Container->build()
#13 /var/www/html/simple-task-orders-and-products/vendor/laravel/framework/src/Illuminate/Foundation/Application.php(851): Illuminate\\Container\\Container->resolve()
#14 /var/www/html/simple-task-orders-and-products/vendor/laravel/framework/src/Illuminate/Container/Container.php(694): Illuminate\\Foundation\\Application->resolve()
#15 /var/www/html/simple-task-orders-and-products/vendor/laravel/framework/src/Illuminate/Foundation/Application.php(836): Illuminate\\Container\\Container->make()
#16 /var/www/html/simple-task-orders-and-products/vendor/laravel/framework/src/Illuminate/Foundation/Http/Kernel.php(206): Illuminate\\Foundation\\Application->make()
#17 /var/www/html/simple-task-orders-and-products/vendor/laravel/framework/src/Illuminate/Foundation/Http/Kernel.php(180): Illuminate\\Foundation\\Http\\Kernel->terminateMiddleware()
#18 /var/www/html/simple-task-orders-and-products/public/index.php(55): Illuminate\\Foundation\\Http\\Kernel->terminate()
#19 /var/www/html/simple-task-orders-and-products/server.php(21): require_once('...')
#20 {main}
"} 
[2023-01-17 19:32:17] local.ERROR: Route [login] not defined. {"exception":"[object] (Symfony\\Component\\Routing\\Exception\\RouteNotFoundException(code: 0): Route [login] not defined. at /var/www/html/simple-task-orders-and-products/vendor/laravel/framework/src/Illuminate/Routing/UrlGenerator.php:444)
[stacktrace]
#0 /var/www/html/simple-task-orders-and-products/vendor/laravel/framework/src/Illuminate/Foundation/helpers.php(739): Illuminate\\Routing\\UrlGenerator->route()
#1 /var/www/html/simple-task-orders-and-products/app/Http/Middleware/Authenticate.php(18): route()
#2 /var/www/html/simple-task-orders-and-products/vendor/laravel/framework/src/Illuminate/Auth/Middleware/Authenticate.php(83): App\\Http\\Middleware\\Authenticate->redirectTo()
#3 /var/www/html/simple-task-orders-and-products/vendor/laravel/framework/src/Illuminate/Auth/Middleware/Authenticate.php(68): Illuminate\\Auth\\Middleware\\Authenticate->unauthenticated()
#4 /var/www/html/simple-task-orders-and-products/vendor/laravel/framework/src/Illuminate/Auth/Middleware/Authenticate.php(42): Illuminate\\Auth\\Middleware\\Authenticate->authenticate()
#5 /var/www/html/simple-task-orders-and-products/vendor/laravel/framework/src/Illuminate/Pipeline/Pipeline.php(167): Illuminate\\Auth\\Middleware\\Authenticate->handle()
#6 /var/www/html/simple-task-orders-and-products/vendor/laravel/framework/src/Illuminate/Pipeline/Pipeline.php(103): Illuminate\\Pipeline\\Pipeline->Illuminate\\Pipeline\\{closure}()
#7 /var/www/html/simple-task-orders-and-products/vendor/laravel/framework/src/Illuminate/Routing/Router.php(723): Illuminate\\Pipeline\\Pipeline->then()
#8 /var/www/html/simple-task-orders-and-products/vendor/laravel/framework/src/Illuminate/Routing/Router.php(698): Illuminate\\Routing\\Router->runRouteWithinStack()
#9 /var/www/html/simple-task-orders-and-products/vendor/laravel/framework/src/Illuminate/Routing/Router.php(662): Illuminate\\Routing\\Router->runRoute()
#10 /var/www/html/simple-task-orders-and-products/vendor/laravel/framework/src/Illuminate/Routing/Router.php(651): Illuminate\\Routing\\Router->dispatchToRoute()
#11 /var/www/html/simple-task-orders-and-products/vendor/laravel/framework/src/Illuminate/Foundation/Http/Kernel.php(167): Illuminate\\Routing\\Router->dispatch()
#12 /var/www/html/simple-task-orders-and-products/vendor/laravel/framework/src/Illuminate/Pipeline/Pipeline.php(128): Illuminate\\Foundation\\Http\\Kernel->Illuminate\\Foundation\\Http\\{closure}()
#13 /var/www/html/simple-task-orders-and-products/vendor/laravel/framework/src/Illuminate/Foundation/Http/Middleware/TransformsRequest.php(21): Illuminate\\Pipeline\\Pipeline->Illuminate\\Pipeline\\{closure}()
#14 /var/www/html/simple-task-orders-and-products/vendor/laravel/framework/src/Illuminate/Foundation/Http/Middleware/ConvertEmptyStringsToNull.php(31): Illuminate\\Foundation\\Http\\Middleware\\TransformsRequest->handle()
#15 /var/www/html/simple-task-orders-and-products/vendor/laravel/framework/src/Illuminate/Pipeline/Pipeline.php(167): Illuminate\\Foundation\\Http\\Middleware\\ConvertEmptyStringsToNull->handle()
#16 /var/www/html/simple-task-orders-and-products/vendor/laravel/framework/src/Illuminate/Foundation/Http/Middleware/TransformsRequest.php(21): Illuminate\\Pipeline\\Pipeline->Illuminate\\Pipeline\\{closure}()
#17 /var/www/html/simple-task-orders-and-products/vendor/laravel/framework/src/Illuminate/Foundation/Http/Middleware/TrimStrings.php(40): Illuminate\\Foundation\\Http\\Middleware\\TransformsRequest->handle()
#18 /var/www/html/simple-task-orders-and-products/vendor/laravel/framework/src/Illuminate/Pipeline/Pipeline.php(167): Illuminate\\Foundation\\Http\\Middleware\\TrimStrings->handle()
#19 /var/www/html/simple-task-orders-and-products/vendor/laravel/framework/src/Illuminate/Foundation/Http/Middleware/ValidatePostSize.php(27): Illuminate\\Pipeline\\Pipeline->Illuminate\\Pipeline\\{closure}()
#20 /var/www/html/simple-task-orders-and-products/vendor/laravel/framework/src/Illuminate/Pipeline/Pipeline.php(167): Illuminate\\Foundation\\Http\\Middleware\\ValidatePostSize->handle()
#21 /var/www/html/simple-task-orders-and-products/vendor/laravel/framework/src/Illuminate/Foundation/Http/Middleware/PreventRequestsDuringMaintenance.php(86): Illuminate\\Pipeline\\Pipeline->Illuminate\\Pipeline\\{closure}()
#22 /var/www/html/simple-task-orders-and-products/vendor/laravel/framework/src/Illuminate/Pipeline/Pipeline.php(167): Illuminate\\Foundation\\Http\\Middleware\\PreventRequestsDuringMaintenance->handle()
#23 /var/www/html/simple-task-orders-and-products/vendor/fruitcake/laravel-cors/src/HandleCors.php(52): Illuminate\\Pipeline\\Pipeline->Illuminate\\Pipeline\\{closure}()
#24 /var/www/html/simple-task-orders-and-products/vendor/laravel/framework/src/Illuminate/Pipeline/Pipeline.php(167): Fruitcake\\Cors\\HandleCors->handle()
#25 /var/www/html/simple-task-orders-and-products/vendor/laravel/framework/src/Illuminate/Http/Middleware/TrustProxies.php(39): Illuminate\\Pipeline\\Pipeline->Illuminate\\Pipeline\\{closure}()
#26 /var/www/html/simple-task-orders-and-products/vendor/laravel/framework/src/Illuminate/Pipeline/Pipeline.php(167): Illuminate\\Http\\Middleware\\TrustProxies->handle()
#27 /var/www/html/simple-task-orders-and-products/vendor/laravel/framework/src/Illuminate/Pipeline/Pipeline.php(103): Illuminate\\Pipeline\\Pipeline->Illuminate\\Pipeline\\{closure}()
#28 /var/www/html/simple-task-orders-and-products/vendor/laravel/framework/src/Illuminate/Foundation/Http/Kernel.php(142): Illuminate\\Pipeline\\Pipeline->then()
#29 /var/www/html/simple-task-orders-and-products/vendor/laravel/framework/src/Illuminate/Foundation/Http/Kernel.php(111): Illuminate\\Foundation\\Http\\Kernel->sendRequestThroughRouter()
#30 /var/www/html/simple-task-orders-and-products/public/index.php(52): Illuminate\\Foundation\\Http\\Kernel->handle()
#31 /var/www/html/simple-task-orders-and-products/server.php(21): require_once('...')
#32 {main}
"} 
[2023-01-17 19:33:47] local.ERROR: Route [login] not defined. {"exception":"[object] (Symfony\\Component\\Routing\\Exception\\RouteNotFoundException(code: 0): Route [login] not defined. at /var/www/html/simple-task-orders-and-products/vendor/laravel/framework/src/Illuminate/Routing/UrlGenerator.php:444)
[stacktrace]
#0 /var/www/html/simple-task-orders-and-products/vendor/laravel/framework/src/Illuminate/Foundation/helpers.php(739): Illuminate\\Routing\\UrlGenerator->route()
#1 /var/www/html/simple-task-orders-and-products/app/Http/Middleware/Authenticate.php(18): route()
#2 /var/www/html/simple-task-orders-and-products/vendor/laravel/framework/src/Illuminate/Auth/Middleware/Authenticate.php(83): App\\Http\\Middleware\\Authenticate->redirectTo()
#3 /var/www/html/simple-task-orders-and-products/vendor/laravel/framework/src/Illuminate/Auth/Middleware/Authenticate.php(68): Illuminate\\Auth\\Middleware\\Authenticate->unauthenticated()
#4 /var/www/html/simple-task-orders-and-products/vendor/laravel/framework/src/Illuminate/Auth/Middleware/Authenticate.php(42): Illuminate\\Auth\\Middleware\\Authenticate->authenticate()
#5 /var/www/html/simple-task-orders-and-products/vendor/laravel/framework/src/Illuminate/Pipeline/Pipeline.php(167): Illuminate\\Auth\\Middleware\\Authenticate->handle()
#6 /var/www/html/simple-task-orders-and-products/vendor/laravel/framework/src/Illuminate/Pipeline/Pipeline.php(103): Illuminate\\Pipeline\\Pipeline->Illuminate\\Pipeline\\{closure}()
#7 /var/www/html/simple-task-orders-and-products/vendor/laravel/framework/src/Illuminate/Routing/Router.php(723): Illuminate\\Pipeline\\Pipeline->then()
#8 /var/www/html/simple-task-orders-and-products/vendor/laravel/framework/src/Illuminate/Routing/Router.php(698): Illuminate\\Routing\\Router->runRouteWithinStack()
#9 /var/www/html/simple-task-orders-and-products/vendor/laravel/framework/src/Illuminate/Routing/Router.php(662): Illuminate\\Routing\\Router->runRoute()
#10 /var/www/html/simple-task-orders-and-products/vendor/laravel/framework/src/Illuminate/Routing/Router.php(651): Illuminate\\Routing\\Router->dispatchToRoute()
#11 /var/www/html/simple-task-orders-and-products/vendor/laravel/framework/src/Illuminate/Foundation/Http/Kernel.php(167): Illuminate\\Routing\\Router->dispatch()
#12 /var/www/html/simple-task-orders-and-products/vendor/laravel/framework/src/Illuminate/Pipeline/Pipeline.php(128): Illuminate\\Foundation\\Http\\Kernel->Illuminate\\Foundation\\Http\\{closure}()
#13 /var/www/html/simple-task-orders-and-products/vendor/laravel/framework/src/Illuminate/Foundation/Http/Middleware/TransformsRequest.php(21): Illuminate\\Pipeline\\Pipeline->Illuminate\\Pipeline\\{closure}()
#14 /var/www/html/simple-task-orders-and-products/vendor/laravel/framework/src/Illuminate/Foundation/Http/Middleware/ConvertEmptyStringsToNull.php(31): Illuminate\\Foundation\\Http\\Middleware\\TransformsRequest->handle()
#15 /var/www/html/simple-task-orders-and-products/vendor/laravel/framework/src/Illuminate/Pipeline/Pipeline.php(167): Illuminate\\Foundation\\Http\\Middleware\\ConvertEmptyStringsToNull->handle()
#16 /var/www/html/simple-task-orders-and-products/vendor/laravel/framework/src/Illuminate/Foundation/Http/Middleware/TransformsRequest.php(21): Illuminate\\Pipeline\\Pipeline->Illuminate\\Pipeline\\{closure}()
#17 /var/www/html/simple-task-orders-and-products/vendor/laravel/framework/src/Illuminate/Foundation/Http/Middleware/TrimStrings.php(40): Illuminate\\Foundation\\Http\\Middleware\\TransformsRequest->handle()
#18 /var/www/html/simple-task-orders-and-products/vendor/laravel/framework/src/Illuminate/Pipeline/Pipeline.php(167): Illuminate\\Foundation\\Http\\Middleware\\TrimStrings->handle()
#19 /var/www/html/simple-task-orders-and-products/vendor/laravel/framework/src/Illuminate/Foundation/Http/Middleware/ValidatePostSize.php(27): Illuminate\\Pipeline\\Pipeline->Illuminate\\Pipeline\\{closure}()
#20 /var/www/html/simple-task-orders-and-products/vendor/laravel/framework/src/Illuminate/Pipeline/Pipeline.php(167): Illuminate\\Foundation\\Http\\Middleware\\ValidatePostSize->handle()
#21 /var/www/html/simple-task-orders-and-products/vendor/laravel/framework/src/Illuminate/Foundation/Http/Middleware/PreventRequestsDuringMaintenance.php(86): Illuminate\\Pipeline\\Pipeline->Illuminate\\Pipeline\\{closure}()
#22 /var/www/html/simple-task-orders-and-products/vendor/laravel/framework/src/Illuminate/Pipeline/Pipeline.php(167): Illuminate\\Foundation\\Http\\Middleware\\PreventRequestsDuringMaintenance->handle()
#23 /var/www/html/simple-task-orders-and-products/vendor/fruitcake/laravel-cors/src/HandleCors.php(52): Illuminate\\Pipeline\\Pipeline->Illuminate\\Pipeline\\{closure}()
#24 /var/www/html/simple-task-orders-and-products/vendor/laravel/framework/src/Illuminate/Pipeline/Pipeline.php(167): Fruitcake\\Cors\\HandleCors->handle()
#25 /var/www/html/simple-task-orders-and-products/vendor/laravel/framework/src/Illuminate/Http/Middleware/TrustProxies.php(39): Illuminate\\Pipeline\\Pipeline->Illuminate\\Pipeline\\{closure}()
#26 /var/www/html/simple-task-orders-and-products/vendor/laravel/framework/src/Illuminate/Pipeline/Pipeline.php(167): Illuminate\\Http\\Middleware\\TrustProxies->handle()
#27 /var/www/html/simple-task-orders-and-products/vendor/laravel/framework/src/Illuminate/Pipeline/Pipeline.php(103): Illuminate\\Pipeline\\Pipeline->Illuminate\\Pipeline\\{closure}()
#28 /var/www/html/simple-task-orders-and-products/vendor/laravel/framework/src/Illuminate/Foundation/Http/Kernel.php(142): Illuminate\\Pipeline\\Pipeline->then()
#29 /var/www/html/simple-task-orders-and-products/vendor/laravel/framework/src/Illuminate/Foundation/Http/Kernel.php(111): Illuminate\\Foundation\\Http\\Kernel->sendRequestThroughRouter()
#30 /var/www/html/simple-task-orders-and-products/public/index.php(52): Illuminate\\Foundation\\Http\\Kernel->handle()
#31 /var/www/html/simple-task-orders-and-products/server.php(21): require_once('...')
#32 {main}
"} 
[2023-01-17 20:24:06] local.ERROR: Illuminate\Routing\RouteFileRegistrar::{closure}(): Argument #1 ($request) must be of type Illuminate\Http\Request, Illuminate\Routing\Router given, called in /var/www/html/simple-task-orders-and-products/vendor/laravel/framework/src/Illuminate/Routing/Router.php on line 501 {"exception":"[object] (TypeError(code: 0): Illuminate\\Routing\\RouteFileRegistrar::{closure}(): Argument #1 ($request) must be of type Illuminate\\Http\\Request, Illuminate\\Routing\\Router given, called in /var/www/html/simple-task-orders-and-products/vendor/laravel/framework/src/Illuminate/Routing/Router.php on line 501 at /var/www/html/simple-task-orders-and-products/routes/api.php:24)
[stacktrace]
#0 /var/www/html/simple-task-orders-and-products/vendor/laravel/framework/src/Illuminate/Routing/Router.php(501): Illuminate\\Routing\\RouteFileRegistrar->{closure}()
#1 /var/www/html/simple-task-orders-and-products/vendor/laravel/framework/src/Illuminate/Routing/Router.php(457): Illuminate\\Routing\\Router->loadRoutes()
#2 /var/www/html/simple-task-orders-and-products/vendor/laravel/framework/src/Illuminate/Routing/RouteRegistrar.php(192): Illuminate\\Routing\\Router->group()
#3 /var/www/html/simple-task-orders-and-products/routes/api.php(31): Illuminate\\Routing\\RouteRegistrar->group()
#4 /var/www/html/simple-task-orders-and-products/vendor/laravel/framework/src/Illuminate/Routing/Router.php(501): Illuminate\\Routing\\RouteFileRegistrar->{closure}()
#5 /var/www/html/simple-task-orders-and-products/vendor/laravel/framework/src/Illuminate/Routing/Router.php(457): Illuminate\\Routing\\Router->loadRoutes()
#6 /var/www/html/simple-task-orders-and-products/vendor/laravel/framework/src/Illuminate/Support/Facades/Facade.php(338): Illuminate\\Routing\\Router->group()
#7 /var/www/html/simple-task-orders-and-products/routes/api.php(33): Illuminate\\Support\\Facades\\Facade::__callStatic()
#8 /var/www/html/simple-task-orders-and-products/vendor/laravel/framework/src/Illuminate/Routing/RouteFileRegistrar.php(35): require('...')
#9 /var/www/html/simple-task-orders-and-products/vendor/laravel/framework/src/Illuminate/Routing/Router.php(503): Illuminate\\Routing\\RouteFileRegistrar->register()
#10 /var/www/html/simple-task-orders-and-products/vendor/laravel/framework/src/Illuminate/Routing/Router.php(457): Illuminate\\Routing\\Router->loadRoutes()
#11 /var/www/html/simple-task-orders-and-products/vendor/laravel/framework/src/Illuminate/Routing/RouteRegistrar.php(192): Illuminate\\Routing\\Router->group()
#12 /var/www/html/simple-task-orders-and-products/app/Providers/RouteServiceProvider.php(46): Illuminate\\Routing\\RouteRegistrar->group()
#13 /var/www/html/simple-task-orders-and-products/vendor/laravel/framework/src/Illuminate/Container/BoundMethod.php(36): App\\Providers\\RouteServiceProvider->App\\Providers\\{closure}()
#14 /var/www/html/simple-task-orders-and-products/vendor/laravel/framework/src/Illuminate/Container/Util.php(41): Illuminate\\Container\\BoundMethod::Illuminate\\Container\\{closure}()
#15 /var/www/html/simple-task-orders-and-products/vendor/laravel/framework/src/Illuminate/Container/BoundMethod.php(81): Illuminate\\Container\\Util::unwrapIfClosure()
#16 /var/www/html/simple-task-orders-and-products/vendor/laravel/framework/src/Illuminate/Container/BoundMethod.php(37): Illuminate\\Container\\BoundMethod::callBoundMethod()
#17 /var/www/html/simple-task-orders-and-products/vendor/laravel/framework/src/Illuminate/Container/Container.php(663): Illuminate\\Container\\BoundMethod::call()
#18 /var/www/html/simple-task-orders-and-products/vendor/laravel/framework/src/Illuminate/Foundation/Support/Providers/RouteServiceProvider.php(120): Illuminate\\Container\\Container->call()
#19 /var/www/html/simple-task-orders-and-products/vendor/laravel/framework/src/Illuminate/Foundation/Support/Providers/RouteServiceProvider.php(45): Illuminate\\Foundation\\Support\\Providers\\RouteServiceProvider->loadRoutes()
#20 /var/www/html/simple-task-orders-and-products/vendor/laravel/framework/src/Illuminate/Container/BoundMethod.php(36): Illuminate\\Foundation\\Support\\Providers\\RouteServiceProvider->Illuminate\\Foundation\\Support\\Providers\\{closure}()
#21 /var/www/html/simple-task-orders-and-products/vendor/laravel/framework/src/Illuminate/Container/Util.php(41): Illuminate\\Container\\BoundMethod::Illuminate\\Container\\{closure}()
#22 /var/www/html/simple-task-orders-and-products/vendor/laravel/framework/src/Illuminate/Container/BoundMethod.php(81): Illuminate\\Container\\Util::unwrapIfClosure()
#23 /var/www/html/simple-task-orders-and-products/vendor/laravel/framework/src/Illuminate/Container/BoundMethod.php(37): Illuminate\\Container\\BoundMethod::callBoundMethod()
#24 /var/www/html/simple-task-orders-and-products/vendor/laravel/framework/src/Illuminate/Container/Container.php(663): Illuminate\\Container\\BoundMethod::call()
#25 /var/www/html/simple-task-orders-and-products/vendor/laravel/framework/src/Illuminate/Support/ServiceProvider.php(119): Illuminate\\Container\\Container->call()
#26 /var/www/html/simple-task-orders-and-products/vendor/laravel/framework/src/Illuminate/Foundation/Application.php(936): Illuminate\\Support\\ServiceProvider->callBootedCallbacks()
#27 /var/www/html/simple-task-orders-and-products/vendor/laravel/framework/src/Illuminate/Foundation/Application.php(914): Illuminate\\Foundation\\Application->bootProvider()
#28 [internal function]: Illuminate\\Foundation\\Application->Illuminate\\Foundation\\{closure}()
#29 /var/www/html/simple-task-orders-and-products/vendor/laravel/framework/src/Illuminate/Foundation/Application.php(915): array_walk()
#30 /var/www/html/simple-task-orders-and-products/vendor/laravel/framework/src/Illuminate/Foundation/Bootstrap/BootProviders.php(17): Illuminate\\Foundation\\Application->boot()
#31 /var/www/html/simple-task-orders-and-products/vendor/laravel/framework/src/Illuminate/Foundation/Application.php(242): Illuminate\\Foundation\\Bootstrap\\BootProviders->bootstrap()
#32 /var/www/html/simple-task-orders-and-products/vendor/laravel/framework/src/Illuminate/Foundation/Http/Kernel.php(176): Illuminate\\Foundation\\Application->bootstrapWith()
#33 /var/www/html/simple-task-orders-and-products/vendor/laravel/framework/src/Illuminate/Foundation/Http/Kernel.php(160): Illuminate\\Foundation\\Http\\Kernel->bootstrap()
#34 /var/www/html/simple-task-orders-and-products/vendor/laravel/framework/src/Illuminate/Foundation/Http/Kernel.php(134): Illuminate\\Foundation\\Http\\Kernel->sendRequestThroughRouter()
#35 /var/www/html/simple-task-orders-and-products/public/index.php(52): Illuminate\\Foundation\\Http\\Kernel->handle()
#36 /var/www/html/simple-task-orders-and-products/server.php(21): require_once('...')
#37 {main}
"} 
[2023-01-17 20:25:29] local.ERROR: Route [login] not defined. {"exception":"[object] (Symfony\\Component\\Routing\\Exception\\RouteNotFoundException(code: 0): Route [login] not defined. at /var/www/html/simple-task-orders-and-products/vendor/laravel/framework/src/Illuminate/Routing/UrlGenerator.php:467)
[stacktrace]
#0 /var/www/html/simple-task-orders-and-products/vendor/laravel/framework/src/Illuminate/Foundation/helpers.php(826): Illuminate\\Routing\\UrlGenerator->route()
#1 /var/www/html/simple-task-orders-and-products/app/Http/Middleware/Authenticate.php(18): route()
#2 /var/www/html/simple-task-orders-and-products/vendor/laravel/framework/src/Illuminate/Auth/Middleware/Authenticate.php(83): App\\Http\\Middleware\\Authenticate->redirectTo()
#3 /var/www/html/simple-task-orders-and-products/vendor/laravel/framework/src/Illuminate/Auth/Middleware/Authenticate.php(68): Illuminate\\Auth\\Middleware\\Authenticate->unauthenticated()
#4 /var/www/html/simple-task-orders-and-products/vendor/laravel/framework/src/Illuminate/Auth/Middleware/Authenticate.php(42): Illuminate\\Auth\\Middleware\\Authenticate->authenticate()
#5 /var/www/html/simple-task-orders-and-products/vendor/laravel/framework/src/Illuminate/Pipeline/Pipeline.php(180): Illuminate\\Auth\\Middleware\\Authenticate->handle()
#6 /var/www/html/simple-task-orders-and-products/vendor/laravel/framework/src/Illuminate/Pipeline/Pipeline.php(116): Illuminate\\Pipeline\\Pipeline->Illuminate\\Pipeline\\{closure}()
#7 /var/www/html/simple-task-orders-and-products/vendor/laravel/framework/src/Illuminate/Routing/Router.php(799): Illuminate\\Pipeline\\Pipeline->then()
#8 /var/www/html/simple-task-orders-and-products/vendor/laravel/framework/src/Illuminate/Routing/Router.php(776): Illuminate\\Routing\\Router->runRouteWithinStack()
#9 /var/www/html/simple-task-orders-and-products/vendor/laravel/framework/src/Illuminate/Routing/Router.php(740): Illuminate\\Routing\\Router->runRoute()
#10 /var/www/html/simple-task-orders-and-products/vendor/laravel/framework/src/Illuminate/Routing/Router.php(729): Illuminate\\Routing\\Router->dispatchToRoute()
#11 /var/www/html/simple-task-orders-and-products/vendor/laravel/framework/src/Illuminate/Foundation/Http/Kernel.php(190): Illuminate\\Routing\\Router->dispatch()
#12 /var/www/html/simple-task-orders-and-products/vendor/laravel/framework/src/Illuminate/Pipeline/Pipeline.php(141): Illuminate\\Foundation\\Http\\Kernel->Illuminate\\Foundation\\Http\\{closure}()
#13 /var/www/html/simple-task-orders-and-products/vendor/laravel/framework/src/Illuminate/Foundation/Http/Middleware/TransformsRequest.php(21): Illuminate\\Pipeline\\Pipeline->Illuminate\\Pipeline\\{closure}()
#14 /var/www/html/simple-task-orders-and-products/vendor/laravel/framework/src/Illuminate/Foundation/Http/Middleware/ConvertEmptyStringsToNull.php(31): Illuminate\\Foundation\\Http\\Middleware\\TransformsRequest->handle()
#15 /var/www/html/simple-task-orders-and-products/vendor/laravel/framework/src/Illuminate/Pipeline/Pipeline.php(180): Illuminate\\Foundation\\Http\\Middleware\\ConvertEmptyStringsToNull->handle()
#16 /var/www/html/simple-task-orders-and-products/vendor/laravel/framework/src/Illuminate/Foundation/Http/Middleware/TransformsRequest.php(21): Illuminate\\Pipeline\\Pipeline->Illuminate\\Pipeline\\{closure}()
#17 /var/www/html/simple-task-orders-and-products/vendor/laravel/framework/src/Illuminate/Foundation/Http/Middleware/TrimStrings.php(40): Illuminate\\Foundation\\Http\\Middleware\\TransformsRequest->handle()
#18 /var/www/html/simple-task-orders-and-products/vendor/laravel/framework/src/Illuminate/Pipeline/Pipeline.php(180): Illuminate\\Foundation\\Http\\Middleware\\TrimStrings->handle()
#19 /var/www/html/simple-task-orders-and-products/vendor/laravel/framework/src/Illuminate/Foundation/Http/Middleware/ValidatePostSize.php(27): Illuminate\\Pipeline\\Pipeline->Illuminate\\Pipeline\\{closure}()
#20 /var/www/html/simple-task-orders-and-products/vendor/laravel/framework/src/Illuminate/Pipeline/Pipeline.php(180): Illuminate\\Foundation\\Http\\Middleware\\ValidatePostSize->handle()
#21 /var/www/html/simple-task-orders-and-products/vendor/laravel/framework/src/Illuminate/Foundation/Http/Middleware/PreventRequestsDuringMaintenance.php(86): Illuminate\\Pipeline\\Pipeline->Illuminate\\Pipeline\\{closure}()
#22 /var/www/html/simple-task-orders-and-products/vendor/laravel/framework/src/Illuminate/Pipeline/Pipeline.php(180): Illuminate\\Foundation\\Http\\Middleware\\PreventRequestsDuringMaintenance->handle()
#23 /var/www/html/simple-task-orders-and-products/vendor/fruitcake/laravel-cors/src/HandleCors.php(52): Illuminate\\Pipeline\\Pipeline->Illuminate\\Pipeline\\{closure}()
#24 /var/www/html/simple-task-orders-and-products/vendor/laravel/framework/src/Illuminate/Pipeline/Pipeline.php(180): Fruitcake\\Cors\\HandleCors->handle()
#25 /var/www/html/simple-task-orders-and-products/vendor/laravel/framework/src/Illuminate/Http/Middleware/TrustProxies.php(39): Illuminate\\Pipeline\\Pipeline->Illuminate\\Pipeline\\{closure}()
#26 /var/www/html/simple-task-orders-and-products/vendor/laravel/framework/src/Illuminate/Pipeline/Pipeline.php(180): Illuminate\\Http\\Middleware\\TrustProxies->handle()
#27 /var/www/html/simple-task-orders-and-products/vendor/laravel/framework/src/Illuminate/Pipeline/Pipeline.php(116): Illuminate\\Pipeline\\Pipeline->Illuminate\\Pipeline\\{closure}()
#28 /var/www/html/simple-task-orders-and-products/vendor/laravel/framework/src/Illuminate/Foundation/Http/Kernel.php(165): Illuminate\\Pipeline\\Pipeline->then()
#29 /var/www/html/simple-task-orders-and-products/vendor/laravel/framework/src/Illuminate/Foundation/Http/Kernel.php(134): Illuminate\\Foundation\\Http\\Kernel->sendRequestThroughRouter()
#30 /var/www/html/simple-task-orders-and-products/public/index.php(52): Illuminate\\Foundation\\Http\\Kernel->handle()
#31 /var/www/html/simple-task-orders-and-products/server.php(21): require_once('...')
#32 {main}
"} 
[2023-01-17 20:40:20] local.ERROR: Unable to read key from file file:///var/www/html/simple-task-orders-and-products/app/Providers/../secrets/oauth/oauth-public.key {"exception":"[object] (LogicException(code: 0): Unable to read key from file file:///var/www/html/simple-task-orders-and-products/app/Providers/../secrets/oauth/oauth-public.key at /var/www/html/simple-task-orders-and-products/vendor/league/oauth2-server/src/CryptKey.php:67)
[stacktrace]
#0 /var/www/html/simple-task-orders-and-products/vendor/laravel/passport/src/PassportServiceProvider.php(329): League\\OAuth2\\Server\\CryptKey->__construct()
#1 /var/www/html/simple-task-orders-and-products/vendor/laravel/passport/src/PassportServiceProvider.php(310): Laravel\\Passport\\PassportServiceProvider->makeCryptKey()
#2 /var/www/html/simple-task-orders-and-products/vendor/laravel/framework/src/Illuminate/Container/Container.php(889): Laravel\\Passport\\PassportServiceProvider->Laravel\\Passport\\{closure}()
#3 /var/www/html/simple-task-orders-and-products/vendor/laravel/framework/src/Illuminate/Container/Container.php(774): Illuminate\\Container\\Container->build()
#4 /var/www/html/simple-task-orders-and-products/vendor/laravel/framework/src/Illuminate/Foundation/Application.php(860): Illuminate\\Container\\Container->resolve()
#5 /var/www/html/simple-task-orders-and-products/vendor/laravel/framework/src/Illuminate/Container/Container.php(710): Illuminate\\Foundation\\Application->resolve()
#6 /var/www/html/simple-task-orders-and-products/vendor/laravel/framework/src/Illuminate/Foundation/Application.php(845): Illuminate\\Container\\Container->make()
#7 /var/www/html/simple-task-orders-and-products/vendor/laravel/passport/src/PassportServiceProvider.php(357): Illuminate\\Foundation\\Application->make()
#8 /var/www/html/simple-task-orders-and-products/vendor/laravel/passport/src/PassportServiceProvider.php(341): Laravel\\Passport\\PassportServiceProvider->makeGuard()
#9 /var/www/html/simple-task-orders-and-products/vendor/laravel/framework/src/Illuminate/Auth/AuthManager.php(113): Laravel\\Passport\\PassportServiceProvider->Laravel\\Passport\\{closure}()
#10 /var/www/html/simple-task-orders-and-products/vendor/laravel/framework/src/Illuminate/Auth/AuthManager.php(90): Illuminate\\Auth\\AuthManager->callCustomCreator()
#11 /var/www/html/simple-task-orders-and-products/vendor/laravel/framework/src/Illuminate/Auth/AuthManager.php(70): Illuminate\\Auth\\AuthManager->resolve()
#12 /var/www/html/simple-task-orders-and-products/vendor/laravel/framework/src/Illuminate/Auth/Middleware/Authenticate.php(63): Illuminate\\Auth\\AuthManager->guard()
#13 /var/www/html/simple-task-orders-and-products/vendor/laravel/framework/src/Illuminate/Auth/Middleware/Authenticate.php(42): Illuminate\\Auth\\Middleware\\Authenticate->authenticate()
#14 /var/www/html/simple-task-orders-and-products/vendor/laravel/framework/src/Illuminate/Pipeline/Pipeline.php(180): Illuminate\\Auth\\Middleware\\Authenticate->handle()
#15 /var/www/html/simple-task-orders-and-products/vendor/laravel/framework/src/Illuminate/Pipeline/Pipeline.php(116): Illuminate\\Pipeline\\Pipeline->Illuminate\\Pipeline\\{closure}()
#16 /var/www/html/simple-task-orders-and-products/vendor/laravel/framework/src/Illuminate/Routing/Router.php(799): Illuminate\\Pipeline\\Pipeline->then()
#17 /var/www/html/simple-task-orders-and-products/vendor/laravel/framework/src/Illuminate/Routing/Router.php(776): Illuminate\\Routing\\Router->runRouteWithinStack()
#18 /var/www/html/simple-task-orders-and-products/vendor/laravel/framework/src/Illuminate/Routing/Router.php(740): Illuminate\\Routing\\Router->runRoute()
#19 /var/www/html/simple-task-orders-and-products/vendor/laravel/framework/src/Illuminate/Routing/Router.php(729): Illuminate\\Routing\\Router->dispatchToRoute()
#20 /var/www/html/simple-task-orders-and-products/vendor/laravel/framework/src/Illuminate/Foundation/Http/Kernel.php(190): Illuminate\\Routing\\Router->dispatch()
#21 /var/www/html/simple-task-orders-and-products/vendor/laravel/framework/src/Illuminate/Pipeline/Pipeline.php(141): Illuminate\\Foundation\\Http\\Kernel->Illuminate\\Foundation\\Http\\{closure}()
#22 /var/www/html/simple-task-orders-and-products/vendor/laravel/framework/src/Illuminate/Foundation/Http/Middleware/TransformsRequest.php(21): Illuminate\\Pipeline\\Pipeline->Illuminate\\Pipeline\\{closure}()
#23 /var/www/html/simple-task-orders-and-products/vendor/laravel/framework/src/Illuminate/Foundation/Http/Middleware/ConvertEmptyStringsToNull.php(31): Illuminate\\Foundation\\Http\\Middleware\\TransformsRequest->handle()
#24 /var/www/html/simple-task-orders-and-products/vendor/laravel/framework/src/Illuminate/Pipeline/Pipeline.php(180): Illuminate\\Foundation\\Http\\Middleware\\ConvertEmptyStringsToNull->handle()
#25 /var/www/html/simple-task-orders-and-products/vendor/laravel/framework/src/Illuminate/Foundation/Http/Middleware/TransformsRequest.php(21): Illuminate\\Pipeline\\Pipeline->Illuminate\\Pipeline\\{closure}()
#26 /var/www/html/simple-task-orders-and-products/vendor/laravel/framework/src/Illuminate/Foundation/Http/Middleware/TrimStrings.php(40): Illuminate\\Foundation\\Http\\Middleware\\TransformsRequest->handle()
#27 /var/www/html/simple-task-orders-and-products/vendor/laravel/framework/src/Illuminate/Pipeline/Pipeline.php(180): Illuminate\\Foundation\\Http\\Middleware\\TrimStrings->handle()
#28 /var/www/html/simple-task-orders-and-products/vendor/laravel/framework/src/Illuminate/Foundation/Http/Middleware/ValidatePostSize.php(27): Illuminate\\Pipeline\\Pipeline->Illuminate\\Pipeline\\{closure}()
#29 /var/www/html/simple-task-orders-and-products/vendor/laravel/framework/src/Illuminate/Pipeline/Pipeline.php(180): Illuminate\\Foundation\\Http\\Middleware\\ValidatePostSize->handle()
#30 /var/www/html/simple-task-orders-and-products/vendor/laravel/framework/src/Illuminate/Foundation/Http/Middleware/PreventRequestsDuringMaintenance.php(86): Illuminate\\Pipeline\\Pipeline->Illuminate\\Pipeline\\{closure}()
#31 /var/www/html/simple-task-orders-and-products/vendor/laravel/framework/src/Illuminate/Pipeline/Pipeline.php(180): Illuminate\\Foundation\\Http\\Middleware\\PreventRequestsDuringMaintenance->handle()
#32 /var/www/html/simple-task-orders-and-products/vendor/fruitcake/laravel-cors/src/HandleCors.php(52): Illuminate\\Pipeline\\Pipeline->Illuminate\\Pipeline\\{closure}()
#33 /var/www/html/simple-task-orders-and-products/vendor/laravel/framework/src/Illuminate/Pipeline/Pipeline.php(180): Fruitcake\\Cors\\HandleCors->handle()
#34 /var/www/html/simple-task-orders-and-products/vendor/laravel/framework/src/Illuminate/Http/Middleware/TrustProxies.php(39): Illuminate\\Pipeline\\Pipeline->Illuminate\\Pipeline\\{closure}()
#35 /var/www/html/simple-task-orders-and-products/vendor/laravel/framework/src/Illuminate/Pipeline/Pipeline.php(180): Illuminate\\Http\\Middleware\\TrustProxies->handle()
#36 /var/www/html/simple-task-orders-and-products/vendor/laravel/framework/src/Illuminate/Pipeline/Pipeline.php(116): Illuminate\\Pipeline\\Pipeline->Illuminate\\Pipeline\\{closure}()
#37 /var/www/html/simple-task-orders-and-products/vendor/laravel/framework/src/Illuminate/Foundation/Http/Kernel.php(165): Illuminate\\Pipeline\\Pipeline->then()
#38 /var/www/html/simple-task-orders-and-products/vendor/laravel/framework/src/Illuminate/Foundation/Http/Kernel.php(134): Illuminate\\Foundation\\Http\\Kernel->sendRequestThroughRouter()
#39 /var/www/html/simple-task-orders-and-products/public/index.php(52): Illuminate\\Foundation\\Http\\Kernel->handle()
#40 /var/www/html/simple-task-orders-and-products/server.php(21): require_once('...')
#41 {main}
"} 
[2023-01-17 20:41:02] local.ERROR: Route [login] not defined. {"exception":"[object] (Symfony\\Component\\Routing\\Exception\\RouteNotFoundException(code: 0): Route [login] not defined. at /var/www/html/simple-task-orders-and-products/vendor/laravel/framework/src/Illuminate/Routing/UrlGenerator.php:467)
[stacktrace]
#0 /var/www/html/simple-task-orders-and-products/vendor/laravel/framework/src/Illuminate/Foundation/helpers.php(826): Illuminate\\Routing\\UrlGenerator->route()
#1 /var/www/html/simple-task-orders-and-products/app/Http/Middleware/Authenticate.php(18): route()
#2 /var/www/html/simple-task-orders-and-products/vendor/laravel/framework/src/Illuminate/Auth/Middleware/Authenticate.php(83): App\\Http\\Middleware\\Authenticate->redirectTo()
#3 /var/www/html/simple-task-orders-and-products/vendor/laravel/framework/src/Illuminate/Auth/Middleware/Authenticate.php(68): Illuminate\\Auth\\Middleware\\Authenticate->unauthenticated()
#4 /var/www/html/simple-task-orders-and-products/vendor/laravel/framework/src/Illuminate/Auth/Middleware/Authenticate.php(42): Illuminate\\Auth\\Middleware\\Authenticate->authenticate()
#5 /var/www/html/simple-task-orders-and-products/vendor/laravel/framework/src/Illuminate/Pipeline/Pipeline.php(180): Illuminate\\Auth\\Middleware\\Authenticate->handle()
#6 /var/www/html/simple-task-orders-and-products/vendor/laravel/framework/src/Illuminate/Pipeline/Pipeline.php(116): Illuminate\\Pipeline\\Pipeline->Illuminate\\Pipeline\\{closure}()
#7 /var/www/html/simple-task-orders-and-products/vendor/laravel/framework/src/Illuminate/Routing/Router.php(799): Illuminate\\Pipeline\\Pipeline->then()
#8 /var/www/html/simple-task-orders-and-products/vendor/laravel/framework/src/Illuminate/Routing/Router.php(776): Illuminate\\Routing\\Router->runRouteWithinStack()
#9 /var/www/html/simple-task-orders-and-products/vendor/laravel/framework/src/Illuminate/Routing/Router.php(740): Illuminate\\Routing\\Router->runRoute()
#10 /var/www/html/simple-task-orders-and-products/vendor/laravel/framework/src/Illuminate/Routing/Router.php(729): Illuminate\\Routing\\Router->dispatchToRoute()
#11 /var/www/html/simple-task-orders-and-products/vendor/laravel/framework/src/Illuminate/Foundation/Http/Kernel.php(190): Illuminate\\Routing\\Router->dispatch()
#12 /var/www/html/simple-task-orders-and-products/vendor/laravel/framework/src/Illuminate/Pipeline/Pipeline.php(141): Illuminate\\Foundation\\Http\\Kernel->Illuminate\\Foundation\\Http\\{closure}()
#13 /var/www/html/simple-task-orders-and-products/vendor/laravel/framework/src/Illuminate/Foundation/Http/Middleware/TransformsRequest.php(21): Illuminate\\Pipeline\\Pipeline->Illuminate\\Pipeline\\{closure}()
#14 /var/www/html/simple-task-orders-and-products/vendor/laravel/framework/src/Illuminate/Foundation/Http/Middleware/ConvertEmptyStringsToNull.php(31): Illuminate\\Foundation\\Http\\Middleware\\TransformsRequest->handle()
#15 /var/www/html/simple-task-orders-and-products/vendor/laravel/framework/src/Illuminate/Pipeline/Pipeline.php(180): Illuminate\\Foundation\\Http\\Middleware\\ConvertEmptyStringsToNull->handle()
#16 /var/www/html/simple-task-orders-and-products/vendor/laravel/framework/src/Illuminate/Foundation/Http/Middleware/TransformsRequest.php(21): Illuminate\\Pipeline\\Pipeline->Illuminate\\Pipeline\\{closure}()
#17 /var/www/html/simple-task-orders-and-products/vendor/laravel/framework/src/Illuminate/Foundation/Http/Middleware/TrimStrings.php(40): Illuminate\\Foundation\\Http\\Middleware\\TransformsRequest->handle()
#18 /var/www/html/simple-task-orders-and-products/vendor/laravel/framework/src/Illuminate/Pipeline/Pipeline.php(180): Illuminate\\Foundation\\Http\\Middleware\\TrimStrings->handle()
#19 /var/www/html/simple-task-orders-and-products/vendor/laravel/framework/src/Illuminate/Foundation/Http/Middleware/ValidatePostSize.php(27): Illuminate\\Pipeline\\Pipeline->Illuminate\\Pipeline\\{closure}()
#20 /var/www/html/simple-task-orders-and-products/vendor/laravel/framework/src/Illuminate/Pipeline/Pipeline.php(180): Illuminate\\Foundation\\Http\\Middleware\\ValidatePostSize->handle()
#21 /var/www/html/simple-task-orders-and-products/vendor/laravel/framework/src/Illuminate/Foundation/Http/Middleware/PreventRequestsDuringMaintenance.php(86): Illuminate\\Pipeline\\Pipeline->Illuminate\\Pipeline\\{closure}()
#22 /var/www/html/simple-task-orders-and-products/vendor/laravel/framework/src/Illuminate/Pipeline/Pipeline.php(180): Illuminate\\Foundation\\Http\\Middleware\\PreventRequestsDuringMaintenance->handle()
#23 /var/www/html/simple-task-orders-and-products/vendor/fruitcake/laravel-cors/src/HandleCors.php(52): Illuminate\\Pipeline\\Pipeline->Illuminate\\Pipeline\\{closure}()
#24 /var/www/html/simple-task-orders-and-products/vendor/laravel/framework/src/Illuminate/Pipeline/Pipeline.php(180): Fruitcake\\Cors\\HandleCors->handle()
#25 /var/www/html/simple-task-orders-and-products/vendor/laravel/framework/src/Illuminate/Http/Middleware/TrustProxies.php(39): Illuminate\\Pipeline\\Pipeline->Illuminate\\Pipeline\\{closure}()
#26 /var/www/html/simple-task-orders-and-products/vendor/laravel/framework/src/Illuminate/Pipeline/Pipeline.php(180): Illuminate\\Http\\Middleware\\TrustProxies->handle()
#27 /var/www/html/simple-task-orders-and-products/vendor/laravel/framework/src/Illuminate/Pipeline/Pipeline.php(116): Illuminate\\Pipeline\\Pipeline->Illuminate\\Pipeline\\{closure}()
#28 /var/www/html/simple-task-orders-and-products/vendor/laravel/framework/src/Illuminate/Foundation/Http/Kernel.php(165): Illuminate\\Pipeline\\Pipeline->then()
#29 /var/www/html/simple-task-orders-and-products/vendor/laravel/framework/src/Illuminate/Foundation/Http/Kernel.php(134): Illuminate\\Foundation\\Http\\Kernel->sendRequestThroughRouter()
#30 /var/www/html/simple-task-orders-and-products/public/index.php(52): Illuminate\\Foundation\\Http\\Kernel->handle()
#31 /var/www/html/simple-task-orders-and-products/server.php(21): require_once('...')
#32 {main}
"} 
[2023-01-17 20:50:44] local.ERROR: Call to undefined method Laravel\Passport\Passport::routes() {"exception":"[object] (Error(code: 0): Call to undefined method Laravel\\Passport\\Passport::routes() at /var/www/html/simple-task-orders-and-products/app/Providers/AuthServiceProvider.php:27)
[stacktrace]
#0 /var/www/html/simple-task-orders-and-products/vendor/laravel/framework/src/Illuminate/Container/BoundMethod.php(36): App\\Providers\\AuthServiceProvider->boot()
#1 /var/www/html/simple-task-orders-and-products/vendor/laravel/framework/src/Illuminate/Container/Util.php(41): Illuminate\\Container\\BoundMethod::Illuminate\\Container\\{closure}()
#2 /var/www/html/simple-task-orders-and-products/vendor/laravel/framework/src/Illuminate/Container/BoundMethod.php(93): Illuminate\\Container\\Util::unwrapIfClosure()
#3 /var/www/html/simple-task-orders-and-products/vendor/laravel/framework/src/Illuminate/Container/BoundMethod.php(37): Illuminate\\Container\\BoundMethod::callBoundMethod()
#4 /var/www/html/simple-task-orders-and-products/vendor/laravel/framework/src/Illuminate/Container/Container.php(663): Illuminate\\Container\\BoundMethod::call()
#5 /var/www/html/simple-task-orders-and-products/vendor/laravel/framework/src/Illuminate/Foundation/Application.php(933): Illuminate\\Container\\Container->call()
#6 /var/www/html/simple-task-orders-and-products/vendor/laravel/framework/src/Illuminate/Foundation/Application.php(914): Illuminate\\Foundation\\Application->bootProvider()
#7 [internal function]: Illuminate\\Foundation\\Application->Illuminate\\Foundation\\{closure}()
#8 /var/www/html/simple-task-orders-and-products/vendor/laravel/framework/src/Illuminate/Foundation/Application.php(915): array_walk()
#9 /var/www/html/simple-task-orders-and-products/vendor/laravel/framework/src/Illuminate/Foundation/Bootstrap/BootProviders.php(17): Illuminate\\Foundation\\Application->boot()
#10 /var/www/html/simple-task-orders-and-products/vendor/laravel/framework/src/Illuminate/Foundation/Application.php(242): Illuminate\\Foundation\\Bootstrap\\BootProviders->bootstrap()
#11 /var/www/html/simple-task-orders-and-products/vendor/laravel/framework/src/Illuminate/Foundation/Console/Kernel.php(383): Illuminate\\Foundation\\Application->bootstrapWith()
#12 /var/www/html/simple-task-orders-and-products/vendor/laravel/framework/src/Illuminate/Foundation/Console/Kernel.php(153): Illuminate\\Foundation\\Console\\Kernel->bootstrap()
#13 /var/www/html/simple-task-orders-and-products/artisan(37): Illuminate\\Foundation\\Console\\Kernel->handle()
#14 {main}
"} 
[2023-01-17 20:53:04] local.ERROR: syntax error, unexpected identifier "Passport" {"exception":"[object] (ParseError(code: 0): syntax error, unexpected identifier \"Passport\" at /var/www/html/simple-task-orders-and-products/app/Providers/AuthServiceProvider.php:27)
[stacktrace]
#0 /var/www/html/simple-task-orders-and-products/vendor/composer/ClassLoader.php(428): Composer\\Autoload\\includeFile()
#1 /var/www/html/simple-task-orders-and-products/vendor/laravel/framework/src/Illuminate/Foundation/Application.php(754): Composer\\Autoload\\ClassLoader->loadClass()
#2 /var/www/html/simple-task-orders-and-products/vendor/laravel/framework/src/Illuminate/Foundation/Application.php(686): Illuminate\\Foundation\\Application->resolveProvider()
#3 /var/www/html/simple-task-orders-and-products/vendor/laravel/framework/src/Illuminate/Foundation/ProviderRepository.php(75): Illuminate\\Foundation\\Application->register()
#4 /var/www/html/simple-task-orders-and-products/vendor/laravel/framework/src/Illuminate/Foundation/Application.php(666): Illuminate\\Foundation\\ProviderRepository->load()
#5 /var/www/html/simple-task-orders-and-products/vendor/laravel/framework/src/Illuminate/Foundation/Bootstrap/RegisterProviders.php(17): Illuminate\\Foundation\\Application->registerConfiguredProviders()
#6 /var/www/html/simple-task-orders-and-products/vendor/laravel/framework/src/Illuminate/Foundation/Application.php(242): Illuminate\\Foundation\\Bootstrap\\RegisterProviders->bootstrap()
#7 /var/www/html/simple-task-orders-and-products/vendor/laravel/framework/src/Illuminate/Foundation/Console/Kernel.php(383): Illuminate\\Foundation\\Application->bootstrapWith()
#8 /var/www/html/simple-task-orders-and-products/vendor/laravel/framework/src/Illuminate/Foundation/Console/Kernel.php(153): Illuminate\\Foundation\\Console\\Kernel->bootstrap()
#9 /var/www/html/simple-task-orders-and-products/artisan(37): Illuminate\\Foundation\\Console\\Kernel->handle()
#10 {main}
"} 
[2023-01-17 21:11:01] local.ERROR: Route [login] not defined. {"exception":"[object] (Symfony\\Component\\Routing\\Exception\\RouteNotFoundException(code: 0): Route [login] not defined. at /var/www/html/simple-task-orders-and-products/vendor/laravel/framework/src/Illuminate/Routing/UrlGenerator.php:467)
[stacktrace]
#0 /var/www/html/simple-task-orders-and-products/vendor/laravel/framework/src/Illuminate/Foundation/helpers.php(826): Illuminate\\Routing\\UrlGenerator->route()
#1 /var/www/html/simple-task-orders-and-products/app/Http/Middleware/Authenticate.php(18): route()
#2 /var/www/html/simple-task-orders-and-products/vendor/laravel/framework/src/Illuminate/Auth/Middleware/Authenticate.php(83): App\\Http\\Middleware\\Authenticate->redirectTo()
#3 /var/www/html/simple-task-orders-and-products/vendor/laravel/framework/src/Illuminate/Auth/Middleware/Authenticate.php(68): Illuminate\\Auth\\Middleware\\Authenticate->unauthenticated()
#4 /var/www/html/simple-task-orders-and-products/vendor/laravel/framework/src/Illuminate/Auth/Middleware/Authenticate.php(42): Illuminate\\Auth\\Middleware\\Authenticate->authenticate()
#5 /var/www/html/simple-task-orders-and-products/vendor/laravel/framework/src/Illuminate/Pipeline/Pipeline.php(180): Illuminate\\Auth\\Middleware\\Authenticate->handle()
#6 /var/www/html/simple-task-orders-and-products/vendor/laravel/framework/src/Illuminate/Pipeline/Pipeline.php(116): Illuminate\\Pipeline\\Pipeline->Illuminate\\Pipeline\\{closure}()
#7 /var/www/html/simple-task-orders-and-products/vendor/laravel/framework/src/Illuminate/Routing/Router.php(799): Illuminate\\Pipeline\\Pipeline->then()
#8 /var/www/html/simple-task-orders-and-products/vendor/laravel/framework/src/Illuminate/Routing/Router.php(776): Illuminate\\Routing\\Router->runRouteWithinStack()
#9 /var/www/html/simple-task-orders-and-products/vendor/laravel/framework/src/Illuminate/Routing/Router.php(740): Illuminate\\Routing\\Router->runRoute()
#10 /var/www/html/simple-task-orders-and-products/vendor/laravel/framework/src/Illuminate/Routing/Router.php(729): Illuminate\\Routing\\Router->dispatchToRoute()
#11 /var/www/html/simple-task-orders-and-products/vendor/laravel/framework/src/Illuminate/Foundation/Http/Kernel.php(190): Illuminate\\Routing\\Router->dispatch()
#12 /var/www/html/simple-task-orders-and-products/vendor/laravel/framework/src/Illuminate/Pipeline/Pipeline.php(141): Illuminate\\Foundation\\Http\\Kernel->Illuminate\\Foundation\\Http\\{closure}()
#13 /var/www/html/simple-task-orders-and-products/vendor/laravel/framework/src/Illuminate/Foundation/Http/Middleware/TransformsRequest.php(21): Illuminate\\Pipeline\\Pipeline->Illuminate\\Pipeline\\{closure}()
#14 /var/www/html/simple-task-orders-and-products/vendor/laravel/framework/src/Illuminate/Foundation/Http/Middleware/ConvertEmptyStringsToNull.php(31): Illuminate\\Foundation\\Http\\Middleware\\TransformsRequest->handle()
#15 /var/www/html/simple-task-orders-and-products/vendor/laravel/framework/src/Illuminate/Pipeline/Pipeline.php(180): Illuminate\\Foundation\\Http\\Middleware\\ConvertEmptyStringsToNull->handle()
#16 /var/www/html/simple-task-orders-and-products/vendor/laravel/framework/src/Illuminate/Foundation/Http/Middleware/TransformsRequest.php(21): Illuminate\\Pipeline\\Pipeline->Illuminate\\Pipeline\\{closure}()
#17 /var/www/html/simple-task-orders-and-products/vendor/laravel/framework/src/Illuminate/Foundation/Http/Middleware/TrimStrings.php(40): Illuminate\\Foundation\\Http\\Middleware\\TransformsRequest->handle()
#18 /var/www/html/simple-task-orders-and-products/vendor/laravel/framework/src/Illuminate/Pipeline/Pipeline.php(180): Illuminate\\Foundation\\Http\\Middleware\\TrimStrings->handle()
#19 /var/www/html/simple-task-orders-and-products/vendor/laravel/framework/src/Illuminate/Foundation/Http/Middleware/ValidatePostSize.php(27): Illuminate\\Pipeline\\Pipeline->Illuminate\\Pipeline\\{closure}()
#20 /var/www/html/simple-task-orders-and-products/vendor/laravel/framework/src/Illuminate/Pipeline/Pipeline.php(180): Illuminate\\Foundation\\Http\\Middleware\\ValidatePostSize->handle()
#21 /var/www/html/simple-task-orders-and-products/vendor/laravel/framework/src/Illuminate/Foundation/Http/Middleware/PreventRequestsDuringMaintenance.php(86): Illuminate\\Pipeline\\Pipeline->Illuminate\\Pipeline\\{closure}()
#22 /var/www/html/simple-task-orders-and-products/vendor/laravel/framework/src/Illuminate/Pipeline/Pipeline.php(180): Illuminate\\Foundation\\Http\\Middleware\\PreventRequestsDuringMaintenance->handle()
#23 /var/www/html/simple-task-orders-and-products/vendor/fruitcake/laravel-cors/src/HandleCors.php(52): Illuminate\\Pipeline\\Pipeline->Illuminate\\Pipeline\\{closure}()
#24 /var/www/html/simple-task-orders-and-products/vendor/laravel/framework/src/Illuminate/Pipeline/Pipeline.php(180): Fruitcake\\Cors\\HandleCors->handle()
#25 /var/www/html/simple-task-orders-and-products/vendor/laravel/framework/src/Illuminate/Http/Middleware/TrustProxies.php(39): Illuminate\\Pipeline\\Pipeline->Illuminate\\Pipeline\\{closure}()
#26 /var/www/html/simple-task-orders-and-products/vendor/laravel/framework/src/Illuminate/Pipeline/Pipeline.php(180): Illuminate\\Http\\Middleware\\TrustProxies->handle()
#27 /var/www/html/simple-task-orders-and-products/vendor/laravel/framework/src/Illuminate/Pipeline/Pipeline.php(116): Illuminate\\Pipeline\\Pipeline->Illuminate\\Pipeline\\{closure}()
#28 /var/www/html/simple-task-orders-and-products/vendor/laravel/framework/src/Illuminate/Foundation/Http/Kernel.php(165): Illuminate\\Pipeline\\Pipeline->then()
#29 /var/www/html/simple-task-orders-and-products/vendor/laravel/framework/src/Illuminate/Foundation/Http/Kernel.php(134): Illuminate\\Foundation\\Http\\Kernel->sendRequestThroughRouter()
#30 /var/www/html/simple-task-orders-and-products/public/index.php(52): Illuminate\\Foundation\\Http\\Kernel->handle()
#31 /var/www/html/simple-task-orders-and-products/server.php(21): require_once('...')
#32 {main}
"} 
[2023-01-17 21:26:11] local.ERROR: Trait "App\Api\Traits\ResponseTrait" not found {"exception":"[object] (Symfony\\Component\\ErrorHandler\\Error\\FatalError(code: 0): Trait \"App\\Api\\Traits\\ResponseTrait\" not found at /var/www/html/simple-task-orders-and-products/app/Http/Middleware/Authenticate.php:8)
[stacktrace]
#0 {main}
"} 
[2023-01-17 21:26:34] local.ERROR: Trait "App\Traits\Api\ResponseTrait" not found {"exception":"[object] (Symfony\\Component\\ErrorHandler\\Error\\FatalError(code: 0): Trait \"App\\Traits\\Api\\ResponseTrait\" not found at /var/www/html/simple-task-orders-and-products/app/Http/Middleware/Authenticate.php:8)
[stacktrace]
#0 {main}
"} 
[2023-01-17 21:27:48] local.ERROR: Trait "App\Api\Traits\ResponseTrait" not found {"exception":"[object] (Symfony\\Component\\ErrorHandler\\Error\\FatalError(code: 0): Trait \"App\\Api\\Traits\\ResponseTrait\" not found at /var/www/html/simple-task-orders-and-products/app/Http/Middleware/Authenticate.php:8)
[stacktrace]
#0 {main}
"} 
[2023-01-17 21:29:25] local.ERROR: Header may not contain more than a single header, new line detected {"exception":"[object] (ErrorException(code: 0): Header may not contain more than a single header, new line detected at /var/www/html/simple-task-orders-and-products/vendor/symfony/http-foundation/Response.php:342)
[stacktrace]
#0 /var/www/html/simple-task-orders-and-products/vendor/laravel/framework/src/Illuminate/Foundation/Bootstrap/HandleExceptions.php(266): Illuminate\\Foundation\\Bootstrap\\HandleExceptions->handleError()
#1 [internal function]: Illuminate\\Foundation\\Bootstrap\\HandleExceptions->Illuminate\\Foundation\\Bootstrap\\{closure}()
#2 /var/www/html/simple-task-orders-and-products/vendor/symfony/http-foundation/Response.php(342): header()
#3 /var/www/html/simple-task-orders-and-products/vendor/symfony/http-foundation/Response.php(376): Symfony\\Component\\HttpFoundation\\Response->sendHeaders()
#4 /var/www/html/simple-task-orders-and-products/public/index.php(53): Symfony\\Component\\HttpFoundation\\Response->send()
#5 /var/www/html/simple-task-orders-and-products/server.php(21): require_once('...')
#6 {main}
"} 
[2023-01-17 21:29:59] local.ERROR: Header may not contain more than a single header, new line detected {"exception":"[object] (ErrorException(code: 0): Header may not contain more than a single header, new line detected at /var/www/html/simple-task-orders-and-products/vendor/symfony/http-foundation/Response.php:342)
[stacktrace]
#0 /var/www/html/simple-task-orders-and-products/vendor/laravel/framework/src/Illuminate/Foundation/Bootstrap/HandleExceptions.php(266): Illuminate\\Foundation\\Bootstrap\\HandleExceptions->handleError()
#1 [internal function]: Illuminate\\Foundation\\Bootstrap\\HandleExceptions->Illuminate\\Foundation\\Bootstrap\\{closure}()
#2 /var/www/html/simple-task-orders-and-products/vendor/symfony/http-foundation/Response.php(342): header()
#3 /var/www/html/simple-task-orders-and-products/vendor/symfony/http-foundation/Response.php(376): Symfony\\Component\\HttpFoundation\\Response->sendHeaders()
#4 /var/www/html/simple-task-orders-and-products/public/index.php(53): Symfony\\Component\\HttpFoundation\\Response->send()
#5 /var/www/html/simple-task-orders-and-products/server.php(21): require_once('...')
#6 {main}
"} 
[2023-01-17 21:30:14] local.ERROR: Header may not contain more than a single header, new line detected {"exception":"[object] (ErrorException(code: 0): Header may not contain more than a single header, new line detected at /var/www/html/simple-task-orders-and-products/vendor/symfony/http-foundation/Response.php:342)
[stacktrace]
#0 /var/www/html/simple-task-orders-and-products/vendor/laravel/framework/src/Illuminate/Foundation/Bootstrap/HandleExceptions.php(266): Illuminate\\Foundation\\Bootstrap\\HandleExceptions->handleError()
#1 [internal function]: Illuminate\\Foundation\\Bootstrap\\HandleExceptions->Illuminate\\Foundation\\Bootstrap\\{closure}()
#2 /var/www/html/simple-task-orders-and-products/vendor/symfony/http-foundation/Response.php(342): header()
#3 /var/www/html/simple-task-orders-and-products/vendor/symfony/http-foundation/Response.php(376): Symfony\\Component\\HttpFoundation\\Response->sendHeaders()
#4 /var/www/html/simple-task-orders-and-products/public/index.php(53): Symfony\\Component\\HttpFoundation\\Response->send()
#5 /var/www/html/simple-task-orders-and-products/server.php(21): require_once('...')
#6 {main}
"} 
[2023-01-17 21:30:26] local.ERROR: Header may not contain more than a single header, new line detected {"exception":"[object] (ErrorException(code: 0): Header may not contain more than a single header, new line detected at /var/www/html/simple-task-orders-and-products/vendor/symfony/http-foundation/Response.php:342)
[stacktrace]
#0 /var/www/html/simple-task-orders-and-products/vendor/laravel/framework/src/Illuminate/Foundation/Bootstrap/HandleExceptions.php(266): Illuminate\\Foundation\\Bootstrap\\HandleExceptions->handleError()
#1 [internal function]: Illuminate\\Foundation\\Bootstrap\\HandleExceptions->Illuminate\\Foundation\\Bootstrap\\{closure}()
#2 /var/www/html/simple-task-orders-and-products/vendor/symfony/http-foundation/Response.php(342): header()
#3 /var/www/html/simple-task-orders-and-products/vendor/symfony/http-foundation/Response.php(376): Symfony\\Component\\HttpFoundation\\Response->sendHeaders()
#4 /var/www/html/simple-task-orders-and-products/public/index.php(53): Symfony\\Component\\HttpFoundation\\Response->send()
#5 /var/www/html/simple-task-orders-and-products/server.php(21): require_once('...')
#6 {main}
"} 
[2023-01-17 21:30:40] local.ERROR: Header may not contain more than a single header, new line detected {"exception":"[object] (ErrorException(code: 0): Header may not contain more than a single header, new line detected at /var/www/html/simple-task-orders-and-products/vendor/symfony/http-foundation/Response.php:342)
[stacktrace]
#0 /var/www/html/simple-task-orders-and-products/vendor/laravel/framework/src/Illuminate/Foundation/Bootstrap/HandleExceptions.php(266): Illuminate\\Foundation\\Bootstrap\\HandleExceptions->handleError()
#1 [internal function]: Illuminate\\Foundation\\Bootstrap\\HandleExceptions->Illuminate\\Foundation\\Bootstrap\\{closure}()
#2 /var/www/html/simple-task-orders-and-products/vendor/symfony/http-foundation/Response.php(342): header()
#3 /var/www/html/simple-task-orders-and-products/vendor/symfony/http-foundation/Response.php(376): Symfony\\Component\\HttpFoundation\\Response->sendHeaders()
#4 /var/www/html/simple-task-orders-and-products/public/index.php(53): Symfony\\Component\\HttpFoundation\\Response->send()
#5 /var/www/html/simple-task-orders-and-products/server.php(21): require_once('...')
#6 {main}
"} 
[2023-01-17 21:32:36] local.ERROR: Header may not contain more than a single header, new line detected {"exception":"[object] (ErrorException(code: 0): Header may not contain more than a single header, new line detected at /var/www/html/simple-task-orders-and-products/vendor/symfony/http-foundation/Response.php:342)
[stacktrace]
#0 /var/www/html/simple-task-orders-and-products/vendor/laravel/framework/src/Illuminate/Foundation/Bootstrap/HandleExceptions.php(266): Illuminate\\Foundation\\Bootstrap\\HandleExceptions->handleError()
#1 [internal function]: Illuminate\\Foundation\\Bootstrap\\HandleExceptions->Illuminate\\Foundation\\Bootstrap\\{closure}()
#2 /var/www/html/simple-task-orders-and-products/vendor/symfony/http-foundation/Response.php(342): header()
#3 /var/www/html/simple-task-orders-and-products/vendor/symfony/http-foundation/Response.php(376): Symfony\\Component\\HttpFoundation\\Response->sendHeaders()
#4 /var/www/html/simple-task-orders-and-products/public/index.php(53): Symfony\\Component\\HttpFoundation\\Response->send()
#5 /var/www/html/simple-task-orders-and-products/server.php(21): require_once('...')
#6 {main}
"} 
[2023-01-17 21:36:19] local.ERROR: Route [login] not defined. {"exception":"[object] (Symfony\\Component\\Routing\\Exception\\RouteNotFoundException(code: 0): Route [login] not defined. at /var/www/html/simple-task-orders-and-products/vendor/laravel/framework/src/Illuminate/Routing/UrlGenerator.php:467)
[stacktrace]
#0 /var/www/html/simple-task-orders-and-products/vendor/laravel/framework/src/Illuminate/Foundation/helpers.php(826): Illuminate\\Routing\\UrlGenerator->route()
#1 /var/www/html/simple-task-orders-and-products/vendor/laravel/framework/src/Illuminate/Foundation/Exceptions/Handler.php(474): route()
#2 /var/www/html/simple-task-orders-and-products/vendor/laravel/framework/src/Illuminate/Foundation/Exceptions/Handler.php(375): Illuminate\\Foundation\\Exceptions\\Handler->unauthenticated()
#3 /var/www/html/simple-task-orders-and-products/vendor/laravel/framework/src/Illuminate/Routing/Pipeline.php(51): Illuminate\\Foundation\\Exceptions\\Handler->render()
#4 /var/www/html/simple-task-orders-and-products/vendor/laravel/framework/src/Illuminate/Pipeline/Pipeline.php(185): Illuminate\\Routing\\Pipeline->handleException()
#5 /var/www/html/simple-task-orders-and-products/vendor/laravel/framework/src/Illuminate/Pipeline/Pipeline.php(116): Illuminate\\Pipeline\\Pipeline->Illuminate\\Pipeline\\{closure}()
#6 /var/www/html/simple-task-orders-and-products/vendor/laravel/framework/src/Illuminate/Routing/Router.php(799): Illuminate\\Pipeline\\Pipeline->then()
#7 /var/www/html/simple-task-orders-and-products/vendor/laravel/framework/src/Illuminate/Routing/Router.php(776): Illuminate\\Routing\\Router->runRouteWithinStack()
#8 /var/www/html/simple-task-orders-and-products/vendor/laravel/framework/src/Illuminate/Routing/Router.php(740): Illuminate\\Routing\\Router->runRoute()
#9 /var/www/html/simple-task-orders-and-products/vendor/laravel/framework/src/Illuminate/Routing/Router.php(729): Illuminate\\Routing\\Router->dispatchToRoute()
#10 /var/www/html/simple-task-orders-and-products/vendor/laravel/framework/src/Illuminate/Foundation/Http/Kernel.php(190): Illuminate\\Routing\\Router->dispatch()
#11 /var/www/html/simple-task-orders-and-products/vendor/laravel/framework/src/Illuminate/Pipeline/Pipeline.php(141): Illuminate\\Foundation\\Http\\Kernel->Illuminate\\Foundation\\Http\\{closure}()
#12 /var/www/html/simple-task-orders-and-products/vendor/laravel/framework/src/Illuminate/Foundation/Http/Middleware/TransformsRequest.php(21): Illuminate\\Pipeline\\Pipeline->Illuminate\\Pipeline\\{closure}()
#13 /var/www/html/simple-task-orders-and-products/vendor/laravel/framework/src/Illuminate/Foundation/Http/Middleware/ConvertEmptyStringsToNull.php(31): Illuminate\\Foundation\\Http\\Middleware\\TransformsRequest->handle()
#14 /var/www/html/simple-task-orders-and-products/vendor/laravel/framework/src/Illuminate/Pipeline/Pipeline.php(180): Illuminate\\Foundation\\Http\\Middleware\\ConvertEmptyStringsToNull->handle()
#15 /var/www/html/simple-task-orders-and-products/vendor/laravel/framework/src/Illuminate/Foundation/Http/Middleware/TransformsRequest.php(21): Illuminate\\Pipeline\\Pipeline->Illuminate\\Pipeline\\{closure}()
#16 /var/www/html/simple-task-orders-and-products/vendor/laravel/framework/src/Illuminate/Foundation/Http/Middleware/TrimStrings.php(40): Illuminate\\Foundation\\Http\\Middleware\\TransformsRequest->handle()
#17 /var/www/html/simple-task-orders-and-products/vendor/laravel/framework/src/Illuminate/Pipeline/Pipeline.php(180): Illuminate\\Foundation\\Http\\Middleware\\TrimStrings->handle()
#18 /var/www/html/simple-task-orders-and-products/vendor/laravel/framework/src/Illuminate/Foundation/Http/Middleware/ValidatePostSize.php(27): Illuminate\\Pipeline\\Pipeline->Illuminate\\Pipeline\\{closure}()
#19 /var/www/html/simple-task-orders-and-products/vendor/laravel/framework/src/Illuminate/Pipeline/Pipeline.php(180): Illuminate\\Foundation\\Http\\Middleware\\ValidatePostSize->handle()
#20 /var/www/html/simple-task-orders-and-products/vendor/laravel/framework/src/Illuminate/Foundation/Http/Middleware/PreventRequestsDuringMaintenance.php(86): Illuminate\\Pipeline\\Pipeline->Illuminate\\Pipeline\\{closure}()
#21 /var/www/html/simple-task-orders-and-products/vendor/laravel/framework/src/Illuminate/Pipeline/Pipeline.php(180): Illuminate\\Foundation\\Http\\Middleware\\PreventRequestsDuringMaintenance->handle()
#22 /var/www/html/simple-task-orders-and-products/vendor/fruitcake/laravel-cors/src/HandleCors.php(52): Illuminate\\Pipeline\\Pipeline->Illuminate\\Pipeline\\{closure}()
#23 /var/www/html/simple-task-orders-and-products/vendor/laravel/framework/src/Illuminate/Pipeline/Pipeline.php(180): Fruitcake\\Cors\\HandleCors->handle()
#24 /var/www/html/simple-task-orders-and-products/vendor/laravel/framework/src/Illuminate/Http/Middleware/TrustProxies.php(39): Illuminate\\Pipeline\\Pipeline->Illuminate\\Pipeline\\{closure}()
#25 /var/www/html/simple-task-orders-and-products/vendor/laravel/framework/src/Illuminate/Pipeline/Pipeline.php(180): Illuminate\\Http\\Middleware\\TrustProxies->handle()
#26 /var/www/html/simple-task-orders-and-products/vendor/laravel/framework/src/Illuminate/Pipeline/Pipeline.php(116): Illuminate\\Pipeline\\Pipeline->Illuminate\\Pipeline\\{closure}()
#27 /var/www/html/simple-task-orders-and-products/vendor/laravel/framework/src/Illuminate/Foundation/Http/Kernel.php(165): Illuminate\\Pipeline\\Pipeline->then()
#28 /var/www/html/simple-task-orders-and-products/vendor/laravel/framework/src/Illuminate/Foundation/Http/Kernel.php(134): Illuminate\\Foundation\\Http\\Kernel->sendRequestThroughRouter()
#29 /var/www/html/simple-task-orders-and-products/public/index.php(52): Illuminate\\Foundation\\Http\\Kernel->handle()
#30 /var/www/html/simple-task-orders-and-products/server.php(21): require_once('...')
#31 {main}
"} 
[2023-01-17 22:58:28] local.ERROR: Could not check compatibility between App\Http\Requests\Api\Auth\RegisterPassportRequest::failedValidation(App\Http\Requests\Api\Validator $validator) and Illuminate\Foundation\Http\FormRequest::failedValidation(Illuminate\Contracts\Validation\Validator $validator), because class App\Http\Requests\Api\Validator is not available {"exception":"[object] (Symfony\\Component\\ErrorHandler\\Error\\FatalError(code: 0): Could not check compatibility between App\\Http\\Requests\\Api\\Auth\\RegisterPassportRequest::failedValidation(App\\Http\\Requests\\Api\\Validator $validator) and Illuminate\\Foundation\\Http\\FormRequest::failedValidation(Illuminate\\Contracts\\Validation\\Validator $validator), because class App\\Http\\Requests\\Api\\Validator is not available at /var/www/html/simple-task-orders-and-products/app/Http/Requests/Api/Auth/RegisterPassportRequest.php:38)
[stacktrace]
#0 {main}
"} 
[2023-01-17 22:59:57] local.ERROR: Could not check compatibility between App\Http\Requests\Api\Auth\RegisterPassportRequest::failedValidation(App\Http\Requests\Api\Validator $validator) and Illuminate\Foundation\Http\FormRequest::failedValidation(Illuminate\Contracts\Validation\Validator $validator), because class App\Http\Requests\Api\Validator is not available {"exception":"[object] (Symfony\\Component\\ErrorHandler\\Error\\FatalError(code: 0): Could not check compatibility between App\\Http\\Requests\\Api\\Auth\\RegisterPassportRequest::failedValidation(App\\Http\\Requests\\Api\\Validator $validator) and Illuminate\\Foundation\\Http\\FormRequest::failedValidation(Illuminate\\Contracts\\Validation\\Validator $validator), because class App\\Http\\Requests\\Api\\Validator is not available at /var/www/html/simple-task-orders-and-products/app/Http/Requests/Api/Auth/RegisterPassportRequest.php:38)
[stacktrace]
#0 {main}
"} 
[2023-01-17 23:22:48] local.ERROR: Could not check compatibility between App\Http\Requests\Api\Auth\RegisterPassportRequest::failedValidation(App\Http\Requests\Api\Validator $validator) and Illuminate\Foundation\Http\FormRequest::failedValidation(Illuminate\Contracts\Validation\Validator $validator), because class App\Http\Requests\Api\Validator is not available {"exception":"[object] (Symfony\\Component\\ErrorHandler\\Error\\FatalError(code: 0): Could not check compatibility between App\\Http\\Requests\\Api\\Auth\\RegisterPassportRequest::failedValidation(App\\Http\\Requests\\Api\\Validator $validator) and Illuminate\\Foundation\\Http\\FormRequest::failedValidation(Illuminate\\Contracts\\Validation\\Validator $validator), because class App\\Http\\Requests\\Api\\Validator is not available at /var/www/html/simple-task-orders-and-products/app/Http/Requests/Api/Auth/RegisterPassportRequest.php:38)
[stacktrace]
#0 {main}
"} 
[2023-01-17 23:28:49] local.ERROR: Could not check compatibility between App\Http\Requests\Api\Auth\RegisterPassportRequest::failedValidation(App\Http\Requests\Api\Validator $validator) and Illuminate\Foundation\Http\FormRequest::failedValidation(Illuminate\Contracts\Validation\Validator $validator), because class App\Http\Requests\Api\Validator is not available {"exception":"[object] (Symfony\\Component\\ErrorHandler\\Error\\FatalError(code: 0): Could not check compatibility between App\\Http\\Requests\\Api\\Auth\\RegisterPassportRequest::failedValidation(App\\Http\\Requests\\Api\\Validator $validator) and Illuminate\\Foundation\\Http\\FormRequest::failedValidation(Illuminate\\Contracts\\Validation\\Validator $validator), because class App\\Http\\Requests\\Api\\Validator is not available at /var/www/html/simple-task-orders-and-products/app/Http/Requests/Api/Auth/RegisterPassportRequest.php:38)
[stacktrace]
#0 {main}
"} 
